<?xml version="1.0" encoding="UTF-8"?>
<testng-results ignored="0" total="4" passed="4" failed="0" skipped="0">
  <reporter-output>
  </reporter-output>
  <suite started-at="2023-08-16T07:11:57 EDT" name="Default suite" finished-at="2023-08-16T07:12:16 EDT" duration-ms="19852">
    <groups>
    </groups>
    <test started-at="2023-08-16T07:11:57 EDT" name="Default test" finished-at="2023-08-16T07:12:16 EDT" duration-ms="19852">
      <class name="lab4.Lab4">
        <test-method is-config="true" signature="setUp()[pri:0, instance:lab4.Lab4@2d901eb0]" started-at="2023-08-16T07:11:57 EDT" name="setUp" finished-at="2023-08-16T07:12:11 EDT" duration-ms="14044" status="PASS">
          <reporter-output>
          </reporter-output>
        </test-method> <!-- setUp -->
        <test-method signature="test()[pri:0, instance:lab4.Lab4@2d901eb0]" started-at="2023-08-16T07:12:11 EDT" name="test" finished-at="2023-08-16T07:12:12 EDT" duration-ms="1729" status="PASS">
          <reporter-output>
          </reporter-output>
        </test-method> <!-- test -->
        <test-method signature="test1()[pri:0, instance:lab4.Lab4@2d901eb0]" started-at="2023-08-16T07:12:12 EDT" name="test1" finished-at="2023-08-16T07:12:14 EDT" duration-ms="1140" status="PASS">
          <reporter-output>
          </reporter-output>
        </test-method> <!-- test1 -->
        <test-method signature="test2()[pri:0, instance:lab4.Lab4@2d901eb0]" started-at="2023-08-16T07:12:14 EDT" name="test2" finished-at="2023-08-16T07:12:15 EDT" duration-ms="1313" status="PASS">
          <reporter-output>
          </reporter-output>
        </test-method> <!-- test2 -->
        <test-method signature="test3()[pri:0, instance:lab4.Lab4@2d901eb0]" started-at="2023-08-16T07:12:15 EDT" name="test3" finished-at="2023-08-16T07:12:16 EDT" duration-ms="1547" status="PASS">
          <reporter-output>
          </reporter-output>
        </test-method> <!-- test3 -->
        <test-method is-config="true" signature="tearDown()[pri:0, instance:lab4.Lab4@2d901eb0]" started-at="2023-08-16T07:12:16 EDT" name="tearDown" finished-at="2023-08-16T07:12:16 EDT" duration-ms="1" status="PASS">
          <reporter-output>
          </reporter-output>
        </test-method> <!-- tearDown -->
      </class> <!-- lab4.Lab4 -->
    </test> <!-- Default test -->
  </suite> <!-- Default suite -->
</testng-results>
