<?xml version="1.0" encoding="UTF-8"?>
<!-- Generated by org.testng.reporters.JUnitXMLReporter -->
<testsuite ignored="0" hostname="CMDLHRLTB147" failures="0" tests="4" name="Test" time="16.969" errors="0" timestamp="2023-08-16T06:34:11 EDT">
  <testcase classname="lab4.Lab4" name="test" time="1.305"/>
  <testcase classname="lab4.Lab4" name="test1" time="0.613"/>
  <testcase classname="lab4.Lab4" name="test2" time="1.068"/>
  <testcase classname="lab4.Lab4" name="test3" time="0.124"/>
</testsuite> <!-- Test -->
