<?xml version="1.0" encoding="UTF-8"?>
<!-- Generated by org.testng.reporters.JUnitXMLReporter -->
<testsuite ignored="0" hostname="CMDLHRLTB147" failures="0" tests="4" name="Default test" time="19.852" errors="0" timestamp="2023-08-16T07:12:16 EDT">
  <testcase classname="lab4.Lab4" name="test" time="1.729"/>
  <testcase classname="lab4.Lab4" name="test1" time="1.14"/>
  <testcase classname="lab4.Lab4" name="test2" time="1.313"/>
  <testcase classname="lab4.Lab4" name="test3" time="1.547"/>
</testsuite> <!-- Default test -->
